Determining if the pthread_create exist failed with the following output:
Change Dir: /home/rocco/catkin_ws/src/comprobo15/in_class_02/in_class_day02/build/CMakeFiles/CMakeTmp

Run Build Command:/usr/bin/make "cmTryCompileExec3983611504/fast"
make[1]: Entering directory `/home/rocco/catkin_ws/src/comprobo15/in_class_02/in_class_day02/build/CMakeFiles/CMakeTmp'
/usr/bin/make -f CMakeFiles/cmTryCompileExec3983611504.dir/build.make CMakeFiles/cmTryCompileExec3983611504.dir/build
make[2]: Entering directory `/home/rocco/catkin_ws/src/comprobo15/in_class_02/in_class_day02/build/CMakeFiles/CMakeTmp'
/usr/bin/cmake -E cmake_progress_report /home/rocco/catkin_ws/src/comprobo15/in_class_02/in_class_day02/build/CMakeFiles/CMakeTmp/CMakeFiles 1
Building C object CMakeFiles/cmTryCompileExec3983611504.dir/CheckSymbolExists.c.o
/usr/bin/cc    -o CMakeFiles/cmTryCompileExec3983611504.dir/CheckSymbolExists.c.o   -c /home/rocco/catkin_ws/src/comprobo15/in_class_02/in_class_day02/build/CMakeFiles/CMakeTmp/CheckSymbolExists.c
Linking C executable cmTryCompileExec3983611504
/usr/bin/cmake -E cmake_link_script CMakeFiles/cmTryCompileExec3983611504.dir/link.txt --verbose=1
/usr/bin/cc       CMakeFiles/cmTryCompileExec3983611504.dir/CheckSymbolExists.c.o  -o cmTryCompileExec3983611504 -rdynamic 
CMakeFiles/cmTryCompileExec3983611504.dir/CheckSymbolExists.c.o: In function `main':
CheckSymbolExists.c:(.text+0x16): undefined reference to `pthread_create'
collect2: error: ld returned 1 exit status
make[2]: Leaving directory `/home/rocco/catkin_ws/src/comprobo15/in_class_02/in_class_day02/build/CMakeFiles/CMakeTmp'
make[2]: *** [cmTryCompileExec3983611504] Error 1
make[1]: Leaving directory `/home/rocco/catkin_ws/src/comprobo15/in_class_02/in_class_day02/build/CMakeFiles/CMakeTmp'
make[1]: *** [cmTryCompileExec3983611504/fast] Error 2

File /home/rocco/catkin_ws/src/comprobo15/in_class_02/in_class_day02/build/CMakeFiles/CMakeTmp/CheckSymbolExists.c:
/* */
#include <pthread.h>

int main(int argc, char** argv)
{
  (void)argv;
#ifndef pthread_create
  return ((int*)(&pthread_create))[argc];
#else
  (void)argc;
  return 0;
#endif
}

Determining if the function pthread_create exists in the pthreads failed with the following output:
Change Dir: /home/rocco/catkin_ws/src/comprobo15/in_class_02/in_class_day02/build/CMakeFiles/CMakeTmp

Run Build Command:/usr/bin/make "cmTryCompileExec2038494227/fast"
make[1]: Entering directory `/home/rocco/catkin_ws/src/comprobo15/in_class_02/in_class_day02/build/CMakeFiles/CMakeTmp'
/usr/bin/make -f CMakeFiles/cmTryCompileExec2038494227.dir/build.make CMakeFiles/cmTryCompileExec2038494227.dir/build
make[2]: Entering directory `/home/rocco/catkin_ws/src/comprobo15/in_class_02/in_class_day02/build/CMakeFiles/CMakeTmp'
/usr/bin/cmake -E cmake_progress_report /home/rocco/catkin_ws/src/comprobo15/in_class_02/in_class_day02/build/CMakeFiles/CMakeTmp/CMakeFiles 1
Building C object CMakeFiles/cmTryCompileExec2038494227.dir/CheckFunctionExists.c.o
/usr/bin/cc   -DCHECK_FUNCTION_EXISTS=pthread_create   -o CMakeFiles/cmTryCompileExec2038494227.dir/CheckFunctionExists.c.o   -c /usr/share/cmake-2.8/Modules/CheckFunctionExists.c
Linking C executable cmTryCompileExec2038494227
/usr/bin/cmake -E cmake_link_script CMakeFiles/cmTryCompileExec2038494227.dir/link.txt --verbose=1
/usr/bin/cc   -DCHECK_FUNCTION_EXISTS=pthread_create    CMakeFiles/cmTryCompileExec2038494227.dir/CheckFunctionExists.c.o  -o cmTryCompileExec2038494227 -rdynamic -lpthreads 
/usr/bin/ld: cannot find -lpthreads
collect2: error: ld returned 1 exit status
make[2]: Leaving directory `/home/rocco/catkin_ws/src/comprobo15/in_class_02/in_class_day02/build/CMakeFiles/CMakeTmp'
make[2]: *** [cmTryCompileExec2038494227] Error 1
make[1]: Leaving directory `/home/rocco/catkin_ws/src/comprobo15/in_class_02/in_class_day02/build/CMakeFiles/CMakeTmp'
make[1]: *** [cmTryCompileExec2038494227/fast] Error 2


